<?xml version="1.0" encoding="UTF-8"?>
<Site BuildName="Win32-mingw32-make"
	BuildStamp="20250309-1116-Experimental"
	Name="DESKTOP-OIQC3FI"
	Generator="ctest-3.30.4"
	CompilerName="C:/DOWNLOADS EXTERNAL/mingw64/bin/clang++.exe"
	CompilerVersion="19.1.1"
	OSName="Windows"
	Hostname="DESKTOP-OIQC3FI"
	OSRelease=" Professional"
	OSVersion=" (Build 9200)"
	OSPlatform="AMD64"
	Is64Bits="1"
	VendorString=""
	VendorID="Unknown Manufacturer"
	FamilyID="0"
	ModelID="0"
	ProcessorCacheSize="0"
	NumberOfLogicalCPU="8"
	NumberOfPhysicalCPU="4"
	TotalVirtualMemory="34752"
	TotalPhysicalMemory="32704"
	LogicalProcessorsPerPhysical="2"
	ProcessorClockFrequency="4008"
	>
	<Testing>
		<StartDateTime>Mar 10 00:07 FLE Standard Time</StartDateTime>
		<StartTestTime>1741558064</StartTestTime>
		<TestList/>
		<EndDateTime>Mar 10 00:07 FLE Standard Time</EndDateTime>
		<EndTestTime>1741558064</EndTestTime>
		<ElapsedMinutes>0</ElapsedMinutes>
	</Testing>
</Site>
